#
# An unexpected error has been detected by Java Runtime Environment:
#
#  Internal Error (0xe06d7363), pid=5028, tid=8464
#
# Java VM: Java HotSpot(TM) Client VM (10.0-b19 mixed mode windows-x86)
# Problematic frame:
# C  [KERNELBASE.dll+0xb9bc]
#
# If you would like to submit a bug report, please visit:
#   http://java.sun.com/webapps/bugreport/crash.jsp
# The crash happened outside the Java Virtual Machine in native code.
# See problematic frame for where to report the bug.
#

---------------  T H R E A D  ---------------

Current thread (0x049cec00):  JavaThread "main" [_thread_in_native, id=8464, stack(0x00430000,0x00c30000)]

siginfo: ExceptionCode=0xe06d7363, ExceptionInformation=0x19930520 0x00c2b8e4 0x7b3972d4 

Registers:
EAX=0x00c25804, EBX=0x00000000, ECX=0x00000003, EDX=0x00000000
ESP=0x00c25804, EBP=0x00c25854, ESI=0x00c2b8a8, EDI=0x79407ab4
EIP=0x753eb9bc, EFLAGS=0x00200212

Top of Stack: (sp=0x00c25804)
0x00c25804:   e06d7363 00000001 00000000 753eb9bc
0x00c25814:   00000003 19930520 00c2b8e4 7b3972d4
0x00c25824:   26dd7c30 0000002f 26dd78b0 00000025
0x00c25834:   00c25858 7396394d 26dd7c30 0000002f
0x00c25844:   73963958 00000025 00c2b8c8 00c2b904
0x00c25854:   00c2588c 738e8e89 e06d7363 00000001
0x00c25864:   00000003 00c25880 e06d7363 00000001
0x00c25874:   00000000 00000000 00000003 19930520 

Instructions: (pc=0x753eb9bc)
0x753eb9ac:   0c eb 03 89 45 c0 8d 45 b0 50 ff 15 5c 11 3e 75
0x753eb9bc:   c9 c2 10 00 cc cc cc cc cc 8b ff 55 8b ec 56 8b 


Stack: [0x00430000,0x00c30000],  sp=0x00c25804,  free space=8150k
Native frames: (J=compiled Java code, j=interpreted, Vv=VM code, C=native code)
C  [KERNELBASE.dll+0xb9bc]
C  [MSVCR80.dll+0x28e89]
C  [libmx.dll+0x13bc9]
C  [libmx.dll+0x14218]
C  [jmi.dll+0x5b6c]
C  [jmi.dll+0x5bec]
C  [jmi.dll+0x6778]
C  0x7aeb2143
C  0x7aeb20d3
C  0x7aeb2227
C  [libmwservices.dll+0xb8bbd]
C  0x7878d717
C  0x78786d8a
C  0x78786e5f
C  0x7878ab54
C  0x7878a086
C  [mlutil.dll+0x1267f]
C  [mlutil.dll+0x1a0fd]
C  0x7878abea
J  com.mathworks.jmi.NativeMatlab.PostMatlabMessage(Ljava/lang/Object;J)V
J  com.mathworks.jmi.MatlabLooper.postMatlabMessage(Lcom/mathworks/services/message/MWMessage;Lcom/mathworks/services/message/MWHandler;)V
J  com.mathworks.jmi.MatlabMCR.postAsync(Lcom/mathworks/services/message/MWMessage;Lcom/mathworks/jmi/CompletionObserver;Lcom/mathworks/jmi/MatlabListener;)V
v  ~BufferBlob::Interpreter
v  ~BufferBlob::Interpreter
v  ~BufferBlob::Interpreter
v  ~BufferBlob::Interpreter
v  ~BufferBlob::Interpreter
v  ~BufferBlob::Interpreter
v  ~BufferBlob::Interpreter
v  ~BufferBlob::Interpreter
v  ~BufferBlob::Interpreter
v  ~BufferBlob::Interpreter
v  ~BufferBlob::Interpreter
v  ~BufferBlob::Interpreter
v  ~BufferBlob::StubRoutines (1)

Java frames: (J=compiled Java code, j=interpreted, Vv=VM code)
J  com.mathworks.jmi.NativeMatlab.PostMatlabMessage(Ljava/lang/Object;J)V
J  com.mathworks.jmi.MatlabLooper.postMatlabMessage(Lcom/mathworks/services/message/MWMessage;Lcom/mathworks/services/message/MWHandler;)V
J  com.mathworks.jmi.MatlabMCR.postAsync(Lcom/mathworks/services/message/MWMessage;Lcom/mathworks/jmi/CompletionObserver;Lcom/mathworks/jmi/MatlabListener;)V
v  ~BufferBlob::Interpreter
v  ~BufferBlob::Interpreter
v  ~BufferBlob::Interpreter
v  ~BufferBlob::Interpreter
v  ~BufferBlob::Interpreter
v  ~BufferBlob::Interpreter
v  ~BufferBlob::Interpreter
v  ~BufferBlob::Interpreter
v  ~BufferBlob::Interpreter
v  ~BufferBlob::Interpreter
v  ~BufferBlob::Interpreter
v  ~BufferBlob::Interpreter
v  ~BufferBlob::StubRoutines (1)

---------------  P R O C E S S  ---------------

Java Threads: ( => current thread )
  0x1fa52800 JavaThread "Timer-1751" [_thread_blocked, id=6712, stack(0x1eff0000,0x1f070000)]
  0x0c25c800 JavaThread "Thread-5901" [_thread_in_native, id=4820, stack(0x298f0000,0x2a0f0000)]
  0x0c88c000 JavaThread "Thread-5887" [_thread_blocked, id=8444, stack(0x0de80000,0x0df00000)]
  0x0c889400 JavaThread "Thread-3970" [_thread_blocked, id=8976, stack(0x0dd80000,0x0de00000)]
  0x0c88b000 JavaThread "Foxtrot Single Worker Thread #1" daemon [_thread_blocked, id=7712, stack(0x1c120000,0x1c1a0000)]
  0x0c88a800 JavaThread "Thread-2979" [_thread_blocked, id=9880, stack(0x0e040000,0x0e0c0000)]
  0x0c017000 JavaThread "Thread-1009" [_thread_blocked, id=5240, stack(0x0d3c0000,0x0d440000)]
  0x0c014c00 JavaThread "Thread-567" [_thread_blocked, id=3892, stack(0x06420000,0x064a0000)]
  0x0c3ec800 JavaThread "Thread-55" [_thread_blocked, id=5824, stack(0x0eae0000,0x0eb60000)]
  0x0c3ee000 JavaThread "Thread-54" [_thread_blocked, id=8472, stack(0x0e750000,0x0e7d0000)]
  0x0c3eec00 JavaThread "Thread-52" [_thread_blocked, id=6572, stack(0x0ea20000,0x0eaa0000)]
  0x0c3ee400 JavaThread "Thread-47" [_thread_blocked, id=3420, stack(0x0e960000,0x0e9e0000)]
  0x0c3ed800 JavaThread "Thread-31" [_thread_blocked, id=6972, stack(0x0fb60000,0x0fbe0000)]
  0x0c3ed400 JavaThread "Active Reference Queue Daemon" daemon [_thread_blocked, id=7360, stack(0x0e850000,0x0e8d0000)]
  0x0c3ed000 JavaThread "Timer-26" daemon [_thread_blocked, id=5764, stack(0x0e7d0000,0x0e850000)]
  0x0c3ebc00 JavaThread "Timer-25" daemon [_thread_blocked, id=6852, stack(0x0e610000,0x0e690000)]
  0x0c269800 JavaThread "TimerQueue" daemon [_thread_blocked, id=8424, stack(0x0d030000,0x0d0b0000)]
  0x0be88000 JavaThread "AWT-Shutdown" [_thread_blocked, id=9116, stack(0x0ce90000,0x0cf10000)]
  0x0c11ec00 JavaThread "AWT-Windows" daemon [_thread_in_native, id=6152, stack(0x0cad0000,0x0cb50000)]
  0x0c11c000 JavaThread "Java2D Disposer" daemon [_thread_blocked, id=7700, stack(0x0c950000,0x0c9d0000)]
  0x0bab9c00 JavaThread "Timer-0" [_thread_blocked, id=3632, stack(0x0bc90000,0x0bd10000)]
  0x0ba70800 JavaThread "JMI Unnamed Thread" [_thread_in_native, id=7768, stack(0x04b10000,0x05310000)]
  0x05576400 JavaThread "Low Memory Detector" daemon [_thread_blocked, id=6544, stack(0x0b190000,0x0b210000)]
  0x05572400 JavaThread "CompilerThread0" daemon [_thread_blocked, id=5704, stack(0x0a950000,0x0b150000)]
  0x05569800 JavaThread "Attach Listener" daemon [_thread_blocked, id=8576, stack(0x0a8d0000,0x0a950000)]
  0x0554e000 JavaThread "Finalizer" daemon [_thread_blocked, id=6328, stack(0x0a850000,0x0a8d0000)]
  0x0554d000 JavaThread "Reference Handler" daemon [_thread_blocked, id=9028, stack(0x05e60000,0x05ee0000)]
=>0x049cec00 JavaThread "main" [_thread_in_native, id=8464, stack(0x00430000,0x00c30000)]

Other Threads:
  0x05548000 VMThread [stack: 0x0a050000,0x0a850000] [id=772]
  0x05588800 WatcherThread [stack: 0x0b250000,0x0ba50000] [id=6580]

VM state:not at safepoint (normal execution)

VM Mutex/Monitor currently owned by a thread: None

Heap
 def new generation   total 29504K, used 29503K [0x10010000, 0x12010000, 0x12010000)
  eden space 26240K, 100% used [0x10010000, 0x119b0000, 0x119b0000)
  from space 3264K,  99% used [0x11ce0000, 0x1200ffe8, 0x12010000)
  to   space 3264K,   0% used [0x119b0000, 0x119b0000, 0x11ce0000)
 tenured generation   total 98304K, used 98303K [0x12010000, 0x18010000, 0x18010000)
   the space 98304K,  99% used [0x12010000, 0x1800ffd8, 0x18010000, 0x18010000)
 compacting perm gen  total 35840K, used 35669K [0x18010000, 0x1a310000, 0x1c010000)
   the space 35840K,  99% used [0x18010000, 0x1a2e57b8, 0x1a2e5800, 0x1a310000)
No shared spaces configured.

Dynamic libraries:
0x00400000 - 0x0042f000 	C:\Program Files\Matlab\R2009a\bin\win32\MATLAB.exe
0x76ed0000 - 0x77050000 	C:\Windows\SysWOW64\ntdll.dll
0x752e0000 - 0x753e0000 	C:\Windows\syswow64\kernel32.dll
0x753e0000 - 0x75426000 	C:\Windows\syswow64\KERNELBASE.dll
0x7b280000 - 0x7b34a000 	C:\Program Files\Matlab\R2009a\bin\win32\libut.dll
0x75d00000 - 0x75d2a000 	C:\Windows\syswow64\imagehlp.dll
0x75430000 - 0x754dc000 	C:\Windows\syswow64\msvcrt.dll
0x74f90000 - 0x74f95000 	C:\Windows\syswow64\PSAPI.DLL
0x7bba0000 - 0x7bbbf000 	C:\Program Files\Matlab\R2009a\bin\win32\LIBEXPAT.dll
0x738c0000 - 0x7395b000 	C:\Windows\WinSxS\x86_microsoft.vc80.crt_1fc8b3b9a1e18e3b_8.0.50727.4927_none_d08a205e442db5b5\MSVCR80.dll
0x7b6b0000 - 0x7b791000 	C:\Program Files\Matlab\R2009a\bin\win32\icuuc38.dll
0x75240000 - 0x752e0000 	C:\Windows\syswow64\ADVAPI32.dll
0x75920000 - 0x75939000 	C:\Windows\SysWOW64\sechost.dll
0x74b00000 - 0x74bf0000 	C:\Windows\syswow64\RPCRT4.dll
0x74a40000 - 0x74aa0000 	C:\Windows\syswow64\SspiCli.dll
0x74a30000 - 0x74a3c000 	C:\Windows\syswow64\CRYPTBASE.dll
0x7ad90000 - 0x7ad94000 	C:\Program Files\Matlab\R2009a\bin\win32\icudt38.dll
0x7ada0000 - 0x7adac000 	C:\Program Files\Matlab\R2009a\bin\win32\icuio38.dll
0x7afe0000 - 0x7b0c4000 	C:\Program Files\Matlab\R2009a\bin\win32\icuin38.dll
0x73960000 - 0x739e7000 	C:\Windows\WinSxS\x86_microsoft.vc80.crt_1fc8b3b9a1e18e3b_8.0.50727.4927_none_d08a205e442db5b5\MSVCP80.dll
0x74fc0000 - 0x750c0000 	C:\Windows\syswow64\USER32.dll
0x74e80000 - 0x74f10000 	C:\Windows\syswow64\GDI32.dll
0x74f10000 - 0x74f1a000 	C:\Windows\syswow64\LPK.dll
0x75c60000 - 0x75cfd000 	C:\Windows\syswow64\USP10.dll
0x782e0000 - 0x78317000 	C:\Program Files\Matlab\R2009a\bin\win32\libmwfl.dll
0x10000000 - 0x1000e000 	C:\Program Files\Matlab\R2009a\bin\win32\boost_date_time-vc80-mt-1_36.dll
0x00180000 - 0x00190000 	C:\Program Files\Matlab\R2009a\bin\win32\boost_signals-vc80-mt-1_36.dll
0x001a0000 - 0x001a7000 	C:\Program Files\Matlab\R2009a\bin\win32\boost_system-vc80-mt-1_36.dll
0x001c0000 - 0x001cc000 	C:\Program Files\Matlab\R2009a\bin\win32\boost_thread-vc80-mt-1_36.dll
0x7b3b0000 - 0x7b59a000 	C:\Program Files\Matlab\R2009a\bin\win32\libmwservices.dll
0x7b350000 - 0x7b3aa000 	C:\Program Files\Matlab\R2009a\bin\win32\libmx.dll
0x787a0000 - 0x787b3000 	C:\Program Files\Matlab\R2009a\bin\win32\zlib1.dll
0x7b5a0000 - 0x7b6af000 	C:\Program Files\Matlab\R2009a\bin\win32\libmwmathutil.dll
0x79510000 - 0x79543000 	C:\Program Files\Matlab\R2009a\bin\win32\mpath.dll
0x6fef0000 - 0x6ff1f000 	C:\Program Files\Matlab\R2009a\bin\win32\mlutil.dll
0x002b0000 - 0x002e9000 	C:\Program Files\Matlab\R2009a\bin\win32\tbb.dll
0x6e570000 - 0x6e5f4000 	C:\Windows\WinSxS\x86_microsoft.windows.common-controls_6595b64144ccf1df_5.82.7600.16661_none_ebfb56996c72aefc\COMCTL32.dll
0x75e00000 - 0x75e7b000 	C:\Windows\syswow64\comdlg32.dll
0x74aa0000 - 0x74af7000 	C:\Windows\syswow64\SHLWAPI.dll
0x75e80000 - 0x76ac9000 	C:\Windows\syswow64\SHELL32.dll
0x73410000 - 0x73421000 	C:\Windows\system32\NETAPI32.dll
0x73400000 - 0x73409000 	C:\Windows\system32\netutils.dll
0x733e0000 - 0x733f9000 	C:\Windows\system32\srvcli.dll
0x733d0000 - 0x733df000 	C:\Windows\system32\wkscli.dll
0x74f20000 - 0x74f55000 	C:\Windows\syswow64\WS2_32.dll
0x75690000 - 0x75696000 	C:\Windows\syswow64\NSI.dll
0x79a80000 - 0x79ad3000 	C:\Program Files\Matlab\R2009a\bin\win32\mcr.dll
0x7adb0000 - 0x7adeb000 	C:\Program Files\Matlab\R2009a\bin\win32\iqm.dll
0x7a080000 - 0x7a558000 	C:\Program Files\Matlab\R2009a\bin\win32\m_interpreter.dll
0x7ae00000 - 0x7ae0c000 	C:\Program Files\Matlab\R2009a\bin\win32\libmex.dll
0x79960000 - 0x799b7000 	C:\Program Files\Matlab\R2009a\bin\win32\m_dispatcher.dll
0x78670000 - 0x7868c000 	C:\Program Files\Matlab\R2009a\bin\win32\datasvcs.dll
0x78df0000 - 0x78fb2000 	C:\Program Files\Matlab\R2009a\bin\win32\xerces-c_2_7.dll
0x00360000 - 0x003fd000 	C:\Program Files\Matlab\R2009a\bin\win32\boost_regex-vc80-mt-1_36.dll
0x79870000 - 0x798c7000 	C:\Program Files\Matlab\R2009a\bin\win32\profiler.dll
0x7ae60000 - 0x7ae7e000 	C:\Program Files\Matlab\R2009a\bin\win32\libmwmathrng.dll
0x78720000 - 0x78732000 	C:\Program Files\Matlab\R2009a\bin\win32\m_pcodeio.dll
0x794d0000 - 0x79507000 	C:\Program Files\Matlab\R2009a\bin\win32\m_ir.dll
0x79b60000 - 0x7a077000 	C:\Program Files\Matlab\R2009a\bin\win32\m_parser.dll
0x7adf0000 - 0x7adfe000 	C:\Program Files\Matlab\R2009a\bin\win32\ir_xfmr.dll
0x78320000 - 0x78468000 	C:\Program Files\Matlab\R2009a\bin\win32\mcos.dll
0x7aea0000 - 0x7aeaa000 	C:\Program Files\Matlab\R2009a\bin\win32\mtok.dll
0x78700000 - 0x78716000 	C:\Program Files\Matlab\R2009a\bin\win32\m_pcodegen.dll
0x78650000 - 0x7866b000 	C:\Program Files\Matlab\R2009a\bin\win32\bridge.dll
0x7aae0000 - 0x7ab64000 	C:\Program Files\Matlab\R2009a\bin\win32\udd.dll
0x7b7a0000 - 0x7b89b000 	C:\Program Files\Matlab\R2009a\bin\win32\libmwgui.dll
0x78800000 - 0x789f1000 	C:\Program Files\Matlab\R2009a\bin\win32\hg.dll
0x78690000 - 0x786b2000 	C:\Program Files\Matlab\R2009a\bin\win32\libmat.dll
0x7b0d0000 - 0x7b275000 	C:\Program Files\Matlab\R2009a\bin\win32\libhdf5.dll
0x793e0000 - 0x7941e000 	C:\Program Files\Matlab\R2009a\bin\win32\jmi.dll
0x790f0000 - 0x7911c000 	C:\Program Files\Matlab\R2009a\bin\win32\libmwhardcopy.dll
0x79490000 - 0x794c7000 	C:\Program Files\Matlab\R2009a\bin\win32\libuij.dll
0x78d50000 - 0x78de5000 	C:\Program Files\Matlab\R2009a\bin\win32\libmwmathlinalg.dll
0x78a60000 - 0x78d42000 	C:\Program Files\Matlab\R2009a\bin\win32\libmwmathelem.dll
0x78a00000 - 0x78a52000 	C:\Program Files\Matlab\R2009a\bin\win32\libmwmathcore.dll
0x798d0000 - 0x79917000 	C:\Program Files\Matlab\R2009a\bin\win32\libmwcholmod.dll
0x7ae10000 - 0x7ae1a000 	C:\Program Files\Matlab\R2009a\bin\win32\libmwamd.dll
0x7ae40000 - 0x7ae49000 	C:\Program Files\Matlab\R2009a\bin\win32\libmwcolamd.dll
0x7ae30000 - 0x7ae3d000 	C:\Program Files\Matlab\R2009a\bin\win32\libmwblas.dll
0x7ae20000 - 0x7ae2c000 	C:\Program Files\Matlab\R2009a\bin\win32\libmwbinder.dll
0x786c0000 - 0x786f8000 	C:\Program Files\Matlab\R2009a\bin\win32\libmwlapack.dll
0x6feb0000 - 0x6fee5000 	C:\Program Files\Matlab\R2009a\bin\win32\libmwrookfastbp.dll
0x79120000 - 0x7915c000 	C:\Program Files\Matlab\R2009a\bin\win32\libmwma57.dll
0x7aef0000 - 0x7afd9000 	C:\Program Files\Matlab\R2009a\bin\win32\libifcoremd.dll
0x79550000 - 0x79813000 	C:\Program Files\Matlab\R2009a\bin\win32\libmmd.dll
0x7ae50000 - 0x7ae5c000 	C:\Program Files\Matlab\R2009a\bin\win32\libmwcsparse.dll
0x79a20000 - 0x79a73000 	C:\Program Files\Matlab\R2009a\bin\win32\libmwumfpack.dll
0x00f30000 - 0x00fd7000 	C:\Program Files\Matlab\R2009a\bin\win32\hgdatatypes.dll
0x7ab70000 - 0x7ad89000 	C:\Program Files\Matlab\R2009a\bin\win32\uiw.dll
0x7aee0000 - 0x7aee9000 	C:\Program Files\Matlab\R2009a\bin\win32\uinone.dll
0x6a480000 - 0x6a58f000 	C:\Windows\WinSxS\x86_microsoft.vc80.mfc_1fc8b3b9a1e18e3b_8.0.50727.762_none_0c178a139ee2a7ed\MFC80.DLL
0x732d0000 - 0x73321000 	C:\Windows\system32\WINSPOOL.DRV
0x75530000 - 0x7568c000 	C:\Windows\syswow64\ole32.dll
0x75120000 - 0x751af000 	C:\Windows\syswow64\OLEAUT32.dll
0x79ae0000 - 0x79b55000 	C:\Program Files\Matlab\R2009a\bin\win32\udd_mi.dll
0x78740000 - 0x78753000 	C:\Program Files\Matlab\R2009a\bin\win32\mwoles05.DLL
0x79820000 - 0x79864000 	C:\Program Files\Matlab\R2009a\bin\win32\comcli.dll
0x6ea70000 - 0x6ea8b000 	C:\Windows\WinSxS\x86_microsoft.vc80.atl_1fc8b3b9a1e18e3b_8.0.50727.4053_none_d1c738ec43578ea1\ATL80.DLL
0x7ae90000 - 0x7ae9b000 	C:\Program Files\Matlab\R2009a\bin\win32\mlautoregister.dll
0x74c80000 - 0x74ce0000 	C:\Windows\system32\IMM32.DLL
0x75d30000 - 0x75dfc000 	C:\Windows\syswow64\MSCTF.dll
0x6eaa0000 - 0x6eaae000 	C:\Windows\WinSxS\x86_microsoft.vc80.mfcloc_1fc8b3b9a1e18e3b_8.0.50727.762_none_43efccf17831d131\MFC80ENU.DLL
0x6e7d0000 - 0x6e850000 	C:\Windows\system32\uxtheme.dll
0x03e20000 - 0x03e5f000 	C:\Program Files (x86)\Babylon\Babylon-Pro\Captlib.dll
0x72e50000 - 0x72e8c000 	C:\Windows\system32\OLEACC.dll
0x756a0000 - 0x75795000 	C:\Windows\syswow64\WININET.dll
0x757a0000 - 0x758d6000 	C:\Windows\syswow64\urlmon.dll
0x75940000 - 0x75a5c000 	C:\Windows\syswow64\CRYPT32.dll
0x76ea0000 - 0x76eac000 	C:\Windows\syswow64\MSASN1.dll
0x75a60000 - 0x75c5d000 	C:\Windows\syswow64\iertutil.dll
0x73ea0000 - 0x73eab000 	C:\Windows\system32\profapi.dll
0x72e90000 - 0x72e93000 	C:\Windows\system32\icmp.Dll
0x73cf0000 - 0x73d0c000 	C:\Windows\system32\iphlpapi.DLL
0x73ce0000 - 0x73ce7000 	C:\Windows\system32\WINNSI.DLL
0x72c20000 - 0x72c30000 	C:\Windows\system32\NLAapi.dll
0x73eb0000 - 0x73eec000 	C:\Windows\System32\mswsock.dll
0x73340000 - 0x73384000 	C:\Windows\system32\DNSAPI.dll
0x72db0000 - 0x72db8000 	C:\Windows\System32\winrnr.dll
0x72b40000 - 0x72b50000 	C:\Windows\system32\napinsp.dll
0x72a90000 - 0x72aa2000 	C:\Windows\system32\pnrpnsp.dll
0x72b50000 - 0x72b5d000 	C:\Windows\system32\wshbth.dll
0x72a40000 - 0x72a61000 	C:\Program Files (x86)\Bonjour\mdnsNSP.dll
0x73c40000 - 0x73c78000 	C:\Windows\System32\fwpuclnt.dll
0x72a70000 - 0x72a76000 	C:\Windows\system32\rasadhlp.dll
0x74120000 - 0x74125000 	C:\Windows\System32\wshtcpip.dll
0x73cd0000 - 0x73cdd000 	C:\Windows\system32\dhcpcsvc6.DLL
0x73cb0000 - 0x73cc2000 	C:\Windows\system32\dhcpcsvc.DLL
0x79190000 - 0x793e0000 	C:\Program Files\Matlab\R2009a\sys\java\jre\win32\jre\bin\client\jvm.dll

VM Arguments:
jvm_args: -Xss512k -XX:PermSize=32m -Xms64m -XX:NewRatio=3 -XX:MaxPermSize=64m -Xmx128m -XX:MaxDirectMemorySize=1200000000 -Dsun.java2d.noddraw=true -Dsun.awt.nopixfmt=true -Xshare:off -Xrs -Djava.library.path=C:\Program Files\Matlab\R2009a\bin\win32 vfprintf abort 
java_command: <unknown>
Launcher Type: generic

Environment Variables:
CLASSPATH=.;C:\Program Files (x86)\Java\jre6\lib\ext\QTJava.zip
PATH=C:\Program Files\Matlab\R2009a\sys\java\jre\win32\jre\bin;C:\Program Files\Matlab\R2009a\sys\webrenderer\windows\corecomponents;C:\Program Files\Matlab\R2009a\sys\webrenderer\windows;C:\Program Files\MiKTeX 2.9\miktex\bin\x64;C:\Program Files (x86)\MiKTeX 2.7\miktex\bin\;C:\Windows\system32;C:\Windows;C:\Windows\System32\Wbem;C:\Windows\System32\WindowsPowerShell\v1.0\;C:\Program Files (x86)\MIT\Kerberos\bin;C:\Program Files (x86)\Common Files\Roxio Shared\DLLShared\;C:\Program Files (x86)\Common Files\Roxio Shared\9.0\DLLShared\;C:\Program Files\Matlab\R2009a\bin;C:\Program Files\Matlab\R2009a\bin\win32;c:\Program Files (x86)\Microsoft SQL Server\90\Tools\binn\;C:\Program Files (x86)\QuickTime\QTSystem\
USERNAME=nmd01
OS=Windows_NT
PROCESSOR_IDENTIFIER=Intel64 Family 6 Model 42 Stepping 7, GenuineIntel



---------------  S Y S T E M  ---------------

OS: Windows NT 6.1 Build 7600 

CPU:total 4 (8 cores per cpu, 2 threads per core) family 6 model 10 stepping 7, cmov, cx8, fxsr, mmx, sse, sse2, sse3, ssse3, ht

Memory: 4k page, physical 4194303k(3412800k free), swap 4194303k(4194303k free)

vm_info: Java HotSpot(TM) Client VM (10.0-b19) for windows-x86 JRE (1.6.0_04-b12), built on Dec 14 2007 00:51:20 by "java_re" with MS VC++ 7.1

time: Wed Oct 05 08:55:16 2011
elapsed time: 404390 seconds

